<?xml version="1.0" encoding="UTF-8"?>
<!-- Generated by org.testng.reporters.JUnitXMLReporter -->
<testsuite ignored="0" hostname="Manoj" failures="0" tests="1" name="Test-Runner-1" time="54.826" errors="0" timestamp="2023-10-11T20:52:35 IST">
  <testcase classname="contactsTests.CreateContactWithOrganizationTest" name="createContactWithOrgTest" time="38.474"/>
</testsuite> <!-- Test-Runner-1 -->
