<?xml version="1.0" encoding="UTF-8"?>
<!-- Generated by org.testng.reporters.JUnitXMLReporter -->
<testsuite ignored="0" hostname="Manoj" failures="0" tests="1" name="Test-Runner-2" time="36.025" errors="0" timestamp="2023-10-11T20:52:16 IST">
  <testcase classname="contactsTests.CreateContactTest" name="createContactTest" time="21.644"/>
</testsuite> <!-- Test-Runner-2 -->
