<?xml version="1.0" encoding="UTF-8"?>
<!-- Generated by org.testng.reporters.JUnitXMLReporter -->
<testsuite ignored="0" hostname="Manoj" failures="0" tests="1" name="Test-Runner-Edge" time="34.246" errors="0" timestamp="2023-10-13T20:00:33 IST">
  <testcase classname="contactsTests.CreateContactTest" name="createContactTest" time="20.168"/>
</testsuite> <!-- Test-Runner-Edge -->
