<?xml version="1.0" encoding="UTF-8"?>
<!-- Generated by org.testng.reporters.JUnitXMLReporter -->
<testsuite ignored="0" hostname="Manoj" failures="0" tests="1" name="Test-Runner-Firefox" time="38.519" errors="0" timestamp="2023-10-13T20:00:37 IST">
  <testcase classname="contactsTests.CreateContactTest" name="createContactTest" time="19.696"/>
</testsuite> <!-- Test-Runner-Firefox -->
