<?xml version="1.0" encoding="UTF-8"?>
<!-- Generated by org.testng.reporters.JUnitReportReporter -->
<testsuite hostname="Manoj" failures="0" tests="1" name="organizationTests.CreateOrganizationWithIndustryAndTypeTest" time="26.877" errors="0" timestamp="2023-10-30T18:51:05 IST" skipped="0">
  <testcase classname="organizationTests.CreateOrganizationWithIndustryAndTypeTest" name="createOrgWithIndustryTest" time="26.877"/>
</testsuite> <!-- organizationTests.CreateOrganizationWithIndustryAndTypeTest -->
