<?xml version="1.0" encoding="UTF-8"?>
<!-- Generated by org.testng.reporters.JUnitReportReporter -->
<testsuite hostname="Manoj" failures="0" tests="1" name="practice.ReadDataFromCmdLine" time="0.013" errors="0" timestamp="2023-10-25T20:12:43 IST" skipped="0">
  <testcase classname="practice.ReadDataFromCmdLine" name="read" time="0.013"/>
</testsuite> <!-- practice.ReadDataFromCmdLine -->
