<?xml version="1.0" encoding="UTF-8"?>
<!-- Generated by org.testng.reporters.JUnitReportReporter -->
<testsuite hostname="Manoj" failures="0" tests="3" name="practice.DataProviderPractice" time="0.013" errors="0" timestamp="2023-10-05T20:21:51 IST" skipped="0">
  <testcase classname="practice.DataProviderPractice" name="addProductToCart" time="0.001"/>
  <testcase classname="practice.DataProviderPractice" name="addProductToCart" time="0.010"/>
  <testcase classname="practice.DataProviderPractice" name="addProductToCart" time="0.002"/>
</testsuite> <!-- practice.DataProviderPractice -->
