<?xml version="1.0" encoding="UTF-8"?>
<!-- Generated by org.testng.reporters.JUnitReportReporter -->
<testsuite hostname="Manoj" failures="0" tests="1" name="contactsTests.CreateContactWithOrganization" time="56.220" errors="0" timestamp="2023-10-03T20:10:29 IST" skipped="0">
  <testcase classname="contactsTests.CreateContactWithOrganization" name="createContactWithOrgTest" time="56.220"/>
</testsuite> <!-- contactsTests.CreateContactWithOrganization -->
