<?xml version="1.0" encoding="UTF-8"?>
<!-- Generated by org.testng.reporters.JUnitReportReporter -->
<testsuite hostname="Manoj" failures="0" tests="2" name="contactsTests.CreateContactTest" time="14.054" errors="0" timestamp="2023-11-10T11:08:33 IST" skipped="0">
  <testcase classname="contactsTests.CreateContactTest" name="createContactTest" time="10.019">
    <system-out>
      <![CDATA[Click on create contact
Click on create contact loog up image 
Contact created successfully
Header Captured
Header validation]]>
    </system-out>
  </testcase> <!-- createContactTest -->
  <testcase classname="contactsTests.CreateContactTest" name="demo" time="4.035"/>
  <system-out>
    <![CDATA[Click on create contact
Click on create contact loog up image 
Contact created successfully
Header Captured
Header validation]]>
  </system-out>
</testsuite> <!-- contactsTests.CreateContactTest -->
