<?xml version="1.0" encoding="UTF-8"?>
<!-- Generated by org.testng.reporters.JUnitReportReporter -->
<testsuite hostname="Manoj" failures="0" tests="1" name="organizationTests.CreateOrganizationTest" time="10.226" errors="0" timestamp="2023-10-30T14:02:22 IST" skipped="0">
  <testcase classname="organizationTests.CreateOrganizationTest" name="createorganizatioTest" time="10.226"/>
</testsuite> <!-- organizationTests.CreateOrganizationTest -->
