<?xml version="1.0" encoding="UTF-8"?>
<!-- Generated by org.testng.reporters.JUnitReportReporter -->
<testsuite hostname="Manoj" failures="0" tests="1" name="contactsTests.CreateContactWithOrganizationTest2" time="19.856" errors="0" timestamp="2023-10-09T20:01:35 IST" skipped="0">
  <testcase classname="contactsTests.CreateContactWithOrganizationTest2" name="createContactWithOrgTest" time="19.856"/>
</testsuite> <!-- contactsTests.CreateContactWithOrganizationTest2 -->
