<?xml version="1.0" encoding="UTF-8"?>
<!-- Generated by org.testng.reporters.JUnitReportReporter -->
<testsuite hostname="Manoj" failures="0" tests="3" name="practice.TestNgPractice" time="0.009" errors="0" timestamp="2023-11-15T09:56:32 IST" skipped="0">
  <testcase classname="practice.TestNgPractice" name="deleteCustomer" time="0.001"/>
  <testcase classname="practice.TestNgPractice" name="modifyCustomer" time="0.001"/>
  <testcase classname="practice.TestNgPractice" name="createCustomer" time="0.007"/>
</testsuite> <!-- practice.TestNgPractice -->
