<?xml version="1.0" encoding="UTF-8"?>
<!-- Generated by org.testng.reporters.JUnitReportReporter -->
<testsuite hostname="Manoj" failures="0" tests="1" name="organizationTests.CreateOrganizationWithIndustryAndType" time="37.344" errors="0" timestamp="2023-10-03T20:15:46 IST" skipped="0">
  <testcase classname="organizationTests.CreateOrganizationWithIndustryAndType" name="createOrgWithIndustryTest" time="37.344"/>
</testsuite> <!-- organizationTests.CreateOrganizationWithIndustryAndType -->
