<?xml version="1.0" encoding="UTF-8"?>
<!-- Generated by org.testng.reporters.JUnitReportReporter -->
<testsuite hostname="Manoj" failures="0" tests="1" name="practice.AssertionPractice" time="0.031" errors="0" timestamp="2023-10-10T19:46:26 IST" skipped="0">
  <testcase classname="practice.AssertionPractice" name="practice1" time="0.031"/>
</testsuite> <!-- practice.AssertionPractice -->
