<?xml version="1.0" encoding="UTF-8"?>
<!-- Generated by org.testng.reporters.JUnitReportReporter -->
<testsuite hostname="Manoj" failures="0" tests="2" name="contactsTests.CreateContactTest" time="61.835" errors="0" timestamp="2023-10-30T13:05:38 IST" skipped="0">
  <testcase classname="contactsTests.CreateContactTest" name="createContactTest" time="51.885">
    <system-out>
      <![CDATA[Click on create contact
Click on create contact loog up image 
Contact created successfully
Header Captured
Header validation]]>
    </system-out>
  </testcase> <!-- createContactTest -->
  <testcase classname="contactsTests.CreateContactTest" name="demo" time="9.950"/>
  <system-out>
    <![CDATA[Click on create contact
Click on create contact loog up image 
Contact created successfully
Header Captured
Header validation]]>
  </system-out>
</testsuite> <!-- contactsTests.CreateContactTest -->
