<?xml version="1.0" encoding="UTF-8"?>
<!-- Generated by org.testng.reporters.JUnitReportReporter -->
<testsuite hostname="Manoj" failures="0" tests="3" name="practice.TestNgPriority" time="0.010" errors="0" timestamp="2023-10-03T21:02:31 IST" skipped="0">
  <testcase classname="practice.TestNgPriority" name="Demo3" time="0.008"/>
  <testcase classname="practice.TestNgPriority" name="demo" time="0.001"/>
  <testcase classname="practice.TestNgPriority" name="demo2" time="0.001"/>
</testsuite> <!-- practice.TestNgPriority -->
