<?xml version="1.0" encoding="UTF-8"?>
<!-- Generated by org.testng.reporters.JUnitReportReporter -->
<testsuite hostname="Manoj" failures="0" tests="1" name="contactsTests.CreateContactWithOrganizationTest" time="28.040" errors="0" timestamp="2023-11-15T10:40:45 IST" skipped="0">
  <testcase classname="contactsTests.CreateContactWithOrganizationTest" name="createContactWithOrgTest" time="28.040"/>
</testsuite> <!-- contactsTests.CreateContactWithOrganizationTest -->
