<?xml version="1.0" encoding="UTF-8"?>
<!-- Generated by org.testng.reporters.JUnitReportReporter -->
<testsuite hostname="Manoj" failures="0" tests="1" name="contactsTests.CreateContact" time="38.577" errors="0" timestamp="2023-10-03T20:12:37 IST" skipped="0">
  <testcase classname="contactsTests.CreateContact" name="createContactTest" time="38.577"/>
</testsuite> <!-- contactsTests.CreateContact -->
