<?xml version="1.0" encoding="UTF-8"?>
<!-- Generated by org.testng.reporters.JUnitReportReporter -->
<testsuite hostname="Manoj" failures="0" tests="1" name="organizationTests.CreateOrganizationTest" time="25.503" errors="0" timestamp="2023-11-10T11:08:33 IST" skipped="0">
  <testcase classname="organizationTests.CreateOrganizationTest" name="createorganizatioTest" time="25.503"/>
  <system-out>
    <![CDATA[Click on create contact
Click on create contact loog up image 
Contact created successfully
Header Captured
Header validation]]>
  </system-out>
</testsuite> <!-- organizationTests.CreateOrganizationTest -->
