<?xml version="1.0" encoding="UTF-8"?>
<!-- Generated by org.testng.reporters.JUnitReportReporter -->
<testsuite hostname="Manoj" failures="0" tests="1" name="organizationTests.CreateOrganizationWithIndustry" time="40.690" errors="0" timestamp="2023-10-03T20:17:03 IST" skipped="0">
  <testcase classname="organizationTests.CreateOrganizationWithIndustry" name="createOrgWithindustrytest" time="40.690"/>
</testsuite> <!-- organizationTests.CreateOrganizationWithIndustry -->
