<?xml version="1.0" encoding="UTF-8"?>
<!-- Generated by org.testng.reporters.JUnitReportReporter -->
<testsuite hostname="Manoj" failures="0" tests="1" name="practice.ReadDataFromCmdLine" time="0.009" errors="0" timestamp="2023-10-31T21:01:05 IST" skipped="0">
  <testcase classname="practice.ReadDataFromCmdLine" name="read" time="0.009"/>
</testsuite> <!-- practice.ReadDataFromCmdLine -->
