<?xml version="1.0" encoding="UTF-8"?>
<!-- Generated by org.testng.reporters.JUnitReportReporter -->
<testsuite hostname="Manoj" failures="0" tests="1" name="contactsTests.CreateContactWithOrganizationTest" time="44.284" errors="0" timestamp="2023-10-21T10:14:44 IST" skipped="0">
  <testcase classname="contactsTests.CreateContactWithOrganizationTest" name="createContactWithOrgTest" time="44.284"/>
</testsuite> <!-- contactsTests.CreateContactWithOrganizationTest -->
